#
# A fatal error has been detected by the Java Runtime Environment:
#
#  SIGSEGV (0xb) at pc=0xb6ec6d13, pid=5179, tid=0xb6639700
#
# JRE version: Java(TM) SE Runtime Environment (8.0_151-b12) (build 1.8.0_151-b12)
# Java VM: Java HotSpot(TM) Server VM (25.151-b12 mixed mode linux-x86 )
# Problematic frame:
# V  [libjvm.so+0x553d13]  jni_GetStringUTFChars+0x23
#
# Failed to write core dump. Core dumps have been disabled. To enable core dumping, try "ulimit -c unlimited" before starting Java again
#
# If you would like to submit a bug report, please visit:
#   http://bugreport.java.com/bugreport/crash.jsp
#

---------------  T H R E A D  ---------------

Current thread is native thread

siginfo: si_signo: 11 (SIGSEGV), si_code: 1 (SEGV_MAPERR), si_addr: 0x00000174

Registers:
EAX=0x00000000, EBX=0xb7354ef0, ECX=0x08bc4548, EDX=0x00000000
ESP=0xbfd46df0, EBP=0xbfd46e48, ESI=0x00000000, EDI=0x00000000
EIP=0xb6ec6d13, EFLAGS=0x00010286, CR2=0x00000174

Top of Stack: (sp=0xbfd46df0)
0xbfd46df0:   0008e000 0c009700 01010100 b7354ef0
0xbfd46e00:   00000000 08bbbc00 bfd46e48 b6eb67b2
0xbfd46e10:   08bbbc00 00000006 000bfd46 000bfd46
0xbfd46e20:   00000000 00000000 08bbbc01 00010008
0xbfd46e30:   b72c59c0 00000000 08bbbd38 08e27578
0xbfd46e40:   00000000 00000000 bfd46e68 0804dc07
0xbfd46e50:   08bbbd38 08bbcc7c 00000000 08bbcc7c
0xbfd46e60:   08e27578 00000000 bfd46ef8 0804b5ef 

Instructions: (pc=0xb6ec6d13)
0xb6ec6cf3:   57 56 53 83 ec 58 e8 00 00 00 00 5b 81 c3 f2 e1
0xb6ec6d03:   48 00 8b 7d 08 57 e8 a2 f0 00 00 89 c7 83 c4 10
0xb6ec6d13:   c7 80 74 01 00 00 05 00 00 00 8b 83 a0 dd ff ff
0xb6ec6d23:   8b 10 83 fa 01 0f 84 7a 01 00 00 8b 83 80 e8 ff 

Register to memory mapping:

EAX=0x00000000 is an unknown value
EBX=0xb7354ef0: <offset 0x9e1ef0> in /usr/lib/jvm/java-8-oracle/jre/lib/i386/server/libjvm.so at 0xb6973000
ECX=0x08bc4548 is an unknown value
EDX=0x00000000 is an unknown value
ESP=0xbfd46df0 is an unknown value
EBP=0xbfd46e48 is an unknown value
ESI=0x00000000 is an unknown value
EDI=0x00000000 is an unknown value


Stack: [0xbfcf8000,0xbfd48000],  sp=0xbfd46df0,  free space=315k
Native frames: (J=compiled Java code, j=interpreted, Vv=VM code, C=native code)
V  [libjvm.so+0x553d13]  jni_GetStringUTFChars+0x23
C  [Record+0x5c07]
C  [Record+0x35ef]
C  [Record+0x3ab9]


---------------  P R O C E S S  ---------------

VM state:at safepoint (shutting down)

VM Mutex/Monitor currently owned by a thread:  ([mutex/lock_event])
[0x08bb9528] Threads_lock - owner thread: 0x08d30c00

Heap:
 PSYoungGen      total 18432K, used 6671K [0x92780000, 0x93c00000, 0xa7000000)
  eden space 15872K, 42% used [0x92780000,0x92e03c00,0x93700000)
  from space 2560K, 0% used [0x93980000,0x93980000,0x93c00000)
  to   space 2560K, 0% used [0x93700000,0x93700000,0x93980000)
 ParOldGen       total 42496K, used 0K [0x69600000, 0x6bf80000, 0x92780000)
  object space 42496K, 0% used [0x69600000,0x69600000,0x6bf80000)
 Metaspace       used 8373K, capacity 8560K, committed 8600K, reserved 9520K

Card table byte_map: [0x69412000,0x69600000] byte_map_base: 0x690c7000

Marking Bits: (ParMarkBitMap*) 0xb73855c0
 Begin Bits: [0x66e30000, 0x67d98000)
 End Bits:   [0x67d98000, 0x68d00000)

Polling page: 0xb695c000

CodeCache: size=245760Kb used=1606Kb max_used=1617Kb free=244154Kb
 bounds [0xa75a0000, 0xa77e0000, 0xb65a0000]
 total_blobs=903 nmethods=622 adapters=195
 compilation: enabled

Compilation events (10 events):
Event: 13.236 Thread 0x08d57400  618       3       java.util.concurrent.locks.LockSupport::setBlocker (12 bytes)
Event: 13.240 Thread 0x08d57400 nmethod 618 0xa772e988 code [0xa772ea80, 0xa772eb40]
Event: 13.240 Thread 0x08d57400  620   !   3       sun.awt.X11.XToolkit::callTimeoutTasks (220 bytes)
Event: 13.242 Thread 0x08d57400 nmethod 620 0xa772ebc8 code [0xa772ef40, 0xa7730778]
Event: 13.242 Thread 0x08d57400  619       3       sun.awt.X11.XBaseWindow::getWindow (5 bytes)
Event: 13.242 Thread 0x08d57400 nmethod 619 0xa7731248 code [0xa7731360, 0xa7731440]
Event: 13.249 Thread 0x08d57400  621       3       sun.awt.X11.XPropertyEvent::get_atom (20 bytes)
Event: 13.249 Thread 0x08d55c00  622       4       sun.util.logging.PlatformLogger$DefaultLoggerProxy::doLog (22 bytes)
Event: 13.249 Thread 0x08d57400 nmethod 621 0xa77314c8 code [0xa7731600, 0xa77318cc]
Event: 13.251 Thread 0x08d55c00 nmethod 622 0xa7734708 code [0xa7734800, 0xa77348f0]

GC Heap History (0 events):
No events

Deoptimization events (5 events):
Event: 7.518 Thread 0x08ea8800 Uncommon trap: reason=class_check action=maybe_recompile pc=0xa7691710 method=java.lang.String.equals(Ljava/lang/Object;)Z @ 8
Event: 9.181 Thread 0x08ea8800 Uncommon trap: reason=class_check action=maybe_recompile pc=0xa7691710 method=java.lang.String.equals(Ljava/lang/Object;)Z @ 8
Event: 9.181 Thread 0x08ea8800 Uncommon trap: reason=class_check action=maybe_recompile pc=0xa7691710 method=java.lang.String.equals(Ljava/lang/Object;)Z @ 8
Event: 11.371 Thread 0x08ea8800 Uncommon trap: reason=class_check action=maybe_recompile pc=0xa7691710 method=java.lang.String.equals(Ljava/lang/Object;)Z @ 8
Event: 13.215 Thread 0x08bbbc00 Uncommon trap: reason=unstable_if action=reinterpret pc=0xa76fa3a0 method=Popup.getLabel()Ljava/lang/String; @ 251

Internal exceptions (10 events):
Event: 0.276 Thread 0x08bbbc00 Exception <a 'java/lang/NoSuchMethodError': Method sun.misc.Unsafe.prefetchRead(Ljava/lang/Object;J)V name or signature does not match> (0x92787160) thrown at [/HUDSON/workspace/8-2-build-linux-i586/jdk8u151/9699/hotspot/src/share/vm/prims/jni.cpp, line 4
Event: 0.624 Thread 0x08bbbc00 Exception <a 'java/security/PrivilegedActionException'> (0x927ed500) thrown at [/HUDSON/workspace/8-2-build-linux-i586/jdk8u151/9699/hotspot/src/share/vm/prims/jvm.cpp, line 1390]
Event: 0.625 Thread 0x08bbbc00 Exception <a 'java/security/PrivilegedActionException'> (0x927ed700) thrown at [/HUDSON/workspace/8-2-build-linux-i586/jdk8u151/9699/hotspot/src/share/vm/prims/jvm.cpp, line 1390]
Event: 0.625 Thread 0x08bbbc00 Exception <a 'java/security/PrivilegedActionException'> (0x927ef908) thrown at [/HUDSON/workspace/8-2-build-linux-i586/jdk8u151/9699/hotspot/src/share/vm/prims/jvm.cpp, line 1390]
Event: 0.625 Thread 0x08bbbc00 Exception <a 'java/security/PrivilegedActionException'> (0x927efb08) thrown at [/HUDSON/workspace/8-2-build-linux-i586/jdk8u151/9699/hotspot/src/share/vm/prims/jvm.cpp, line 1390]
Event: 0.789 Thread 0x08bbbc00 Exception <a 'java/lang/NoSuchFieldError': method resolution failed> (0x928fea40) thrown at [/HUDSON/workspace/8-2-build-linux-i586/jdk8u151/9699/hotspot/src/share/vm/prims/methodHandles.cpp, line 1146]
Event: 0.791 Thread 0x08bbbc00 Exception <a 'java/lang/NoSuchFieldError': method resolution failed> (0x9290afc0) thrown at [/HUDSON/workspace/8-2-build-linux-i586/jdk8u151/9699/hotspot/src/share/vm/prims/methodHandles.cpp, line 1146]
Event: 0.850 Thread 0x08bbbc00 Exception <a 'java/io/FileNotFoundException'> (0x9297d710) thrown at [/HUDSON/workspace/8-2-build-linux-i586/jdk8u151/9699/hotspot/src/share/vm/prims/jni.cpp, line 709]
Event: 0.850 Thread 0x08bbbc00 Exception <a 'java/io/FileNotFoundException'> (0x9297dfe0) thrown at [/HUDSON/workspace/8-2-build-linux-i586/jdk8u151/9699/hotspot/src/share/vm/prims/jni.cpp, line 709]
Event: 2.259 Thread 0x08ea8800 Exception <a 'java/lang/UnsupportedOperationException': > (0x92afbc30) thrown at [/HUDSON/workspace/8-2-build-linux-i586/jdk8u151/9699/hotspot/src/share/vm/prims/jni.cpp, line 735]

Events (10 events):
Event: 14.255 loading class sun/awt/AWTAutoShutdown$1 done
Event: 14.255 Thread 0x08ea7400 Thread exited: 0x08ea7400
Event: 14.255 Thread 0x08ea8800 Thread exited: 0x08ea8800
Event: 14.255 Thread 0x08ea7400 Thread added: 0x08ea7400
Event: 14.255 loading class sun/awt/X11/XSystemTrayPeer
Event: 14.255 loading class java/awt/peer/SystemTrayPeer
Event: 14.255 loading class java/awt/peer/SystemTrayPeer done
Event: 14.255 loading class sun/awt/X11/XSystemTrayPeer done
Event: 14.256 Thread 0x08ea7400 Thread exited: 0x08ea7400
Event: 14.256 Thread 0x08bbbc00 Thread exited: 0x08bbbc00


Dynamic libraries:
08048000-0805c000 r-xp 00000000 00:26 3811288    /home/administrator/KSPatternAnalysis/Record
0805c000-0805d000 r--p 00013000 00:26 3811288    /home/administrator/KSPatternAnalysis/Record
0805d000-0805e000 rw-p 00014000 00:26 3811288    /home/administrator/KSPatternAnalysis/Record
08bb2000-08f0c000 rw-p 00000000 00:00 0          [heap]
64c5b000-64ecf000 rw-p 00000000 00:00 0 
64ecf000-64faf000 ---p 00000000 00:00 0 
64faf000-64fb2000 ---p 00000000 00:00 0 
64fb2000-65000000 rw-p 00000000 00:00 0          [stack:5198]
65000000-650fe000 rw-p 00000000 00:00 0 
650fe000-65100000 ---p 00000000 00:00 0 
65100000-65147000 rw-p 00000000 00:00 0 
65147000-65200000 ---p 00000000 00:00 0 
65200000-65300000 rw-p 00000000 00:00 0 
65300000-65329000 rw-p 00000000 00:00 0 
65329000-65400000 ---p 00000000 00:00 0 
6544b000-654ac000 r-xp 00000000 08:06 4465614    /usr/lib/jvm/java-8-oracle/jre/lib/i386/libt2k.so
654ac000-654b0000 rw-p 00060000 08:06 4465614    /usr/lib/jvm/java-8-oracle/jre/lib/i386/libt2k.so
654b0000-655b4000 rw-p 00000000 00:00 0 
655b4000-655b7000 ---p 00000000 00:00 0 
655b7000-65605000 rw-p 00000000 00:00 0 
65605000-65608000 ---p 00000000 00:00 0 
65608000-65756000 rw-p 00000000 00:00 0 
65756000-6576b000 r-xp 00000000 08:06 4465609    /usr/lib/jvm/java-8-oracle/jre/lib/i386/libnet.so
6576b000-6576c000 rw-p 00015000 08:06 4465609    /usr/lib/jvm/java-8-oracle/jre/lib/i386/libnet.so
6576c000-6586c000 rw-p 00000000 00:00 0 
6586c000-6586f000 ---p 00000000 00:00 0 
6586f000-658bd000 rw-p 00000000 00:00 0          [stack:5195]
658bd000-658c0000 ---p 00000000 00:00 0 
658c0000-6590e000 rw-p 00000000 00:00 0          [stack:5194]
6590e000-65970000 r-xp 00000000 08:06 4465595    /usr/lib/jvm/java-8-oracle/jre/lib/i386/libfontmanager.so
65970000-65973000 rw-p 00061000 08:06 4465595    /usr/lib/jvm/java-8-oracle/jre/lib/i386/libfontmanager.so
65973000-65977000 rw-p 00000000 00:00 0 
65977000-65aa7000 r-xp 00000000 08:06 3673204    /usr/lib/i386-linux-gnu/libX11.so.6.3.0
65aa7000-65aa8000 r--p 00130000 08:06 3673204    /usr/lib/i386-linux-gnu/libX11.so.6.3.0
65aa8000-65aaa000 rw-p 00131000 08:06 3673204    /usr/lib/i386-linux-gnu/libX11.so.6.3.0
65aaa000-65aab000 rw-p 00000000 00:00 0 
65aab000-65af7000 r-xp 00000000 08:06 4465589    /usr/lib/jvm/java-8-oracle/jre/lib/i386/libawt_xawt.so
65af7000-65af9000 rw-p 0004c000 08:06 4465589    /usr/lib/jvm/java-8-oracle/jre/lib/i386/libawt_xawt.so
65af9000-65afa000 rw-p 00000000 00:00 0 
65afa000-65b80000 r-xp 00000000 08:06 4465585    /usr/lib/jvm/java-8-oracle/jre/lib/i386/libawt.so
65b80000-65b87000 rw-p 00086000 08:06 4465585    /usr/lib/jvm/java-8-oracle/jre/lib/i386/libawt.so
65b87000-65bab000 rw-p 00000000 00:00 0 
65bab000-65bac000 ---p 00000000 00:00 0 
65bac000-65c2c000 rw-p 00000000 00:00 0 
65c2c000-65c2f000 ---p 00000000 00:00 0 
65c2f000-65c7d000 rw-p 00000000 00:00 0          [stack:5192]
65c7d000-65c80000 ---p 00000000 00:00 0 
65c80000-65cfe000 rw-p 00000000 00:00 0          [stack:5191]
65cfe000-65d01000 ---p 00000000 00:00 0 
65d01000-65d7f000 rw-p 00000000 00:00 0          [stack:5190]
65d7f000-65d82000 ---p 00000000 00:00 0 
65d82000-65e00000 rw-p 00000000 00:00 0          [stack:5189]
65e00000-66000000 r--p 00000000 08:06 3678418    /usr/lib/locale/locale-archive
66000000-6604c000 rw-p 00000000 00:00 0 
6604c000-66100000 ---p 00000000 00:00 0 
66100000-661fa000 rw-p 00000000 00:00 0 
661fa000-66200000 ---p 00000000 00:00 0 
66200000-662ff000 rw-p 00000000 00:00 0 
662ff000-66300000 ---p 00000000 00:00 0 
6630e000-66311000 ---p 00000000 00:00 0 
66311000-6635f000 rw-p 00000000 00:00 0          [stack:5188]
6635f000-66362000 ---p 00000000 00:00 0 
66362000-663b0000 rw-p 00000000 00:00 0          [stack:5187]
663b0000-663b1000 ---p 00000000 00:00 0 
663b1000-66431000 rw-p 00000000 00:00 0 
66431000-6660a000 r--s 03d5a000 08:06 3943239    /usr/lib/jvm/java-8-oracle/jre/lib/rt.jar
6660a000-66a50000 rw-p 00000000 00:00 0 
66a50000-66a56000 ---p 00000000 00:00 0 
66a56000-68d00000 rw-p 00000000 00:00 0 
68d00000-68d21000 rw-p 00000000 00:00 0 
68d21000-68e00000 ---p 00000000 00:00 0 
68e06000-68e0a000 r-xp 00000000 08:06 3675338    /usr/lib/i386-linux-gnu/libXfixes.so.3.1.0
68e0a000-68e0b000 r--p 00003000 08:06 3675338    /usr/lib/i386-linux-gnu/libXfixes.so.3.1.0
68e0b000-68e0c000 rw-p 00004000 08:06 3675338    /usr/lib/i386-linux-gnu/libXfixes.so.3.1.0
68e0c000-68e2c000 r-xp 00000000 08:06 3675327    /usr/lib/i386-linux-gnu/libxcb.so.1.1.0
68e2c000-68e2d000 r--p 0001f000 08:06 3675327    /usr/lib/i386-linux-gnu/libxcb.so.1.1.0
68e2d000-68e2e000 rw-p 00020000 08:06 3675327    /usr/lib/i386-linux-gnu/libxcb.so.1.1.0
68e2e000-68e31000 ---p 00000000 00:00 0 
68e31000-68e7f000 rw-p 00000000 00:00 0          [stack:5186]
68e7f000-68e80000 ---p 00000000 00:00 0 
68e80000-68f00000 rw-p 00000000 00:00 0          [stack:5184]
68f00000-68f21000 rw-p 00000000 00:00 0 
68f21000-69000000 ---p 00000000 00:00 0 
69003000-69011000 r-xp 00000000 08:06 3675344    /usr/lib/i386-linux-gnu/libXi.so.6.1.0
69011000-69012000 r--p 0000e000 08:06 3675344    /usr/lib/i386-linux-gnu/libXi.so.6.1.0
69012000-69013000 rw-p 0000f000 08:06 3675344    /usr/lib/i386-linux-gnu/libXi.so.6.1.0
69019000-69020000 r--s 00000000 08:06 3678474    /usr/lib/i386-linux-gnu/gconv/gconv-modules.cache
69020000-6902f000 r-xp 00000000 08:06 4465590    /usr/lib/jvm/java-8-oracle/jre/lib/i386/libnio.so
6902f000-69030000 rw-p 0000e000 08:06 4465590    /usr/lib/jvm/java-8-oracle/jre/lib/i386/libnio.so
69030000-6907f000 rw-p 00000000 00:00 0 
6907f000-69080000 ---p 00000000 00:00 0 
69080000-69100000 rw-p 00000000 00:00 0          [stack:5183]
69100000-69121000 rw-p 00000000 00:00 0 
69121000-69200000 ---p 00000000 00:00 0 
69201000-6920a000 r-xp 00000000 08:06 3675330    /usr/lib/i386-linux-gnu/libXcursor.so.1.0.2
6920a000-6920b000 r--p 00008000 08:06 3675330    /usr/lib/i386-linux-gnu/libXcursor.so.1.0.2
6920b000-6920c000 rw-p 00009000 08:06 3675330    /usr/lib/i386-linux-gnu/libXcursor.so.1.0.2
6920c000-6927f000 rw-p 00000000 00:00 0 
6927f000-69280000 ---p 00000000 00:00 0 
69280000-69300000 rw-p 00000000 00:00 0          [stack:5182]
69300000-69321000 rw-p 00000000 00:00 0 
69321000-69400000 ---p 00000000 00:00 0 
69404000-69409000 r-xp 00000000 08:06 3675334    /usr/lib/i386-linux-gnu/libXdmcp.so.6.0.0
69409000-6940a000 r--p 00004000 08:06 3675334    /usr/lib/i386-linux-gnu/libXdmcp.so.6.0.0
6940a000-6940b000 rw-p 00005000 08:06 3675334    /usr/lib/i386-linux-gnu/libXdmcp.so.6.0.0
6940b000-69410000 r-xp 00000000 08:06 3678206    /usr/lib/i386-linux-gnu/libXtst.so.6.1.0
69410000-69411000 r--p 00004000 08:06 3678206    /usr/lib/i386-linux-gnu/libXtst.so.6.1.0
69411000-69412000 rw-p 00005000 08:06 3678206    /usr/lib/i386-linux-gnu/libXtst.so.6.1.0
69412000-69427000 rw-p 00000000 00:00 0 
69427000-6955a000 ---p 00000000 00:00 0 
6955a000-69565000 rw-p 00000000 00:00 0 
69565000-695ff000 ---p 00000000 00:00 0 
695ff000-6bf80000 rw-p 00000000 00:00 0 
6bf80000-92780000 ---p 00000000 00:00 0 
92780000-93c00000 rw-p 00000000 00:00 0 
93c00000-a7000000 ---p 00000000 00:00 0 
a7003000-a7014000 r-xp 00000000 08:06 3678157    /usr/lib/i386-linux-gnu/libXext.so.6.4.0
a7014000-a7015000 r--p 00010000 08:06 3678157    /usr/lib/i386-linux-gnu/libXext.so.6.4.0
a7015000-a7016000 rw-p 00011000 08:06 3678157    /usr/lib/i386-linux-gnu/libXext.so.6.4.0
a7016000-a7017000 ---p 00000000 00:00 0 
a7017000-a70ac000 rw-p 00000000 00:00 0          [stack:5181]
a70ac000-a71e0000 ---p 00000000 00:00 0 
a71e0000-a71e9000 rw-p 00000000 00:00 0 
a71e9000-a75a0000 ---p 00000000 00:00 0 
a75a0000-a77e0000 rwxp 00000000 00:00 0 
a77e0000-b65a0000 ---p 00000000 00:00 0 
b65a0000-b65ba000 r-xp 00000000 08:06 4465643    /usr/lib/jvm/java-8-oracle/jre/lib/i386/libzip.so
b65ba000-b65bb000 rw-p 00019000 08:06 4465643    /usr/lib/jvm/java-8-oracle/jre/lib/i386/libzip.so
b65bb000-b65c6000 r-xp 00000000 08:06 397872     /lib/i386-linux-gnu/libnss_files-2.19.so
b65c6000-b65c7000 r--p 0000a000 08:06 397872     /lib/i386-linux-gnu/libnss_files-2.19.so
b65c7000-b65c8000 rw-p 0000b000 08:06 397872     /lib/i386-linux-gnu/libnss_files-2.19.so
b65c8000-b65d2000 r-xp 00000000 08:06 397876     /lib/i386-linux-gnu/libnss_nis-2.19.so
b65d2000-b65d3000 r--p 00009000 08:06 397876     /lib/i386-linux-gnu/libnss_nis-2.19.so
b65d3000-b65d4000 rw-p 0000a000 08:06 397876     /lib/i386-linux-gnu/libnss_nis-2.19.so
b65d4000-b65e9000 r-xp 00000000 08:06 397880     /lib/i386-linux-gnu/libnsl-2.19.so
b65e9000-b65ea000 r--p 00015000 08:06 397880     /lib/i386-linux-gnu/libnsl-2.19.so
b65ea000-b65eb000 rw-p 00016000 08:06 397880     /lib/i386-linux-gnu/libnsl-2.19.so
b65eb000-b65ed000 rw-p 00000000 00:00 0 
b65ed000-b65f4000 r-xp 00000000 08:06 397879     /lib/i386-linux-gnu/libnss_compat-2.19.so
b65f4000-b65f5000 r--p 00006000 08:06 397879     /lib/i386-linux-gnu/libnss_compat-2.19.so
b65f5000-b65f6000 rw-p 00007000 08:06 397879     /lib/i386-linux-gnu/libnss_compat-2.19.so
b65f7000-b65f9000 r-xp 00000000 08:06 3676357    /usr/lib/i386-linux-gnu/libXau.so.6.0.0
b65f9000-b65fa000 r--p 00001000 08:06 3676357    /usr/lib/i386-linux-gnu/libXau.so.6.0.0
b65fa000-b65fb000 rw-p 00002000 08:06 3676357    /usr/lib/i386-linux-gnu/libXau.so.6.0.0
b65fb000-b6604000 r-xp 00000000 08:06 3675358    /usr/lib/i386-linux-gnu/libXrender.so.1.3.0
b6604000-b6605000 r--p 00008000 08:06 3675358    /usr/lib/i386-linux-gnu/libXrender.so.1.3.0
b6605000-b6606000 rw-p 00009000 08:06 3675358    /usr/lib/i386-linux-gnu/libXrender.so.1.3.0
b6606000-b660b000 r--s 002f9000 08:06 3943261    /usr/lib/jvm/java-8-oracle/jre/lib/charsets.jar
b660b000-b6613000 rw-s 00000000 08:06 7343674    /tmp/hsperfdata_root/5179 (deleted)
b6613000-b6637000 r-xp 00000000 08:06 4465638    /usr/lib/jvm/java-8-oracle/jre/lib/i386/libjava.so
b6637000-b6638000 rw-p 00024000 08:06 4465638    /usr/lib/jvm/java-8-oracle/jre/lib/i386/libjava.so
b6638000-b663b000 rw-p 00000000 00:00 0 
b663b000-b6653000 r-xp 00000000 08:06 397873     /lib/i386-linux-gnu/libpthread-2.19.so
b6653000-b6654000 r--p 00018000 08:06 397873     /lib/i386-linux-gnu/libpthread-2.19.so
b6654000-b6655000 rw-p 00019000 08:06 397873     /lib/i386-linux-gnu/libpthread-2.19.so
b6655000-b6657000 rw-p 00000000 00:00 0 
b6657000-b665a000 r-xp 00000000 08:06 397884     /lib/i386-linux-gnu/libdl-2.19.so
b665a000-b665b000 r--p 00002000 08:06 397884     /lib/i386-linux-gnu/libdl-2.19.so
b665b000-b665c000 rw-p 00003000 08:06 397884     /lib/i386-linux-gnu/libdl-2.19.so
b665c000-b66a0000 r-xp 00000000 08:06 397870     /lib/i386-linux-gnu/libm-2.19.so
b66a0000-b66a1000 r--p 00043000 08:06 397870     /lib/i386-linux-gnu/libm-2.19.so
b66a1000-b66a2000 rw-p 00044000 08:06 397870     /lib/i386-linux-gnu/libm-2.19.so
b66a2000-b684a000 r-xp 00000000 08:06 397878     /lib/i386-linux-gnu/libc-2.19.so
b684a000-b684c000 r--p 001a8000 08:06 397878     /lib/i386-linux-gnu/libc-2.19.so
b684c000-b684d000 rw-p 001aa000 08:06 397878     /lib/i386-linux-gnu/libc-2.19.so
b684d000-b6850000 rw-p 00000000 00:00 0 
b6850000-b686c000 r-xp 00000000 08:06 394369     /lib/i386-linux-gnu/libgcc_s.so.1
b686c000-b686d000 rw-p 0001b000 08:06 394369     /lib/i386-linux-gnu/libgcc_s.so.1
b686d000-b686e000 rw-p 00000000 00:00 0 
b686e000-b694a000 r-xp 00000000 08:06 3672768    /usr/lib/i386-linux-gnu/libstdc++.so.6.0.19
b694a000-b694e000 r--p 000dc000 08:06 3672768    /usr/lib/i386-linux-gnu/libstdc++.so.6.0.19
b694e000-b694f000 rw-p 000e0000 08:06 3672768    /usr/lib/i386-linux-gnu/libstdc++.so.6.0.19
b694f000-b6957000 rw-p 00000000 00:00 0 
b6957000-b6958000 rw-p 00000000 00:00 0 
b6958000-b695a000 r--s 00011000 00:26 3817063    /home/administrator/KSPatternAnalysis/json-rpc-1.0.jar
b695a000-b695b000 r--p 00850000 08:06 3678418    /usr/lib/locale/locale-archive
b695b000-b695c000 rw-p 00000000 00:00 0 
b695c000-b695d000 ---p 00000000 00:00 0 
b695d000-b6968000 r-xp 00000000 08:06 4465586    /usr/lib/jvm/java-8-oracle/jre/lib/i386/libverify.so
b6968000-b6969000 rw-p 0000b000 08:06 4465586    /usr/lib/jvm/java-8-oracle/jre/lib/i386/libverify.so
b6969000-b6970000 r-xp 00000000 08:06 397866     /lib/i386-linux-gnu/librt-2.19.so
b6970000-b6971000 r--p 00006000 08:06 397866     /lib/i386-linux-gnu/librt-2.19.so
b6971000-b6972000 rw-p 00007000 08:06 397866     /lib/i386-linux-gnu/librt-2.19.so
b6972000-b6973000 rw-p 00000000 00:00 0 
b6973000-b7304000 r-xp 00000000 08:06 4723763    /usr/lib/jvm/java-8-oracle/jre/lib/i386/server/libjvm.so
b7304000-b7371000 rw-p 00991000 08:06 4723763    /usr/lib/jvm/java-8-oracle/jre/lib/i386/server/libjvm.so
b7371000-b779c000 rw-p 00000000 00:00 0 
b779c000-b779e000 r--p 00000000 00:00 0          [vvar]
b779e000-b77a0000 r-xp 00000000 00:00 0          [vdso]
b77a0000-b77c0000 r-xp 00000000 08:06 394351     /lib/i386-linux-gnu/ld-2.19.so
b77c0000-b77c1000 r--p 0001f000 08:06 394351     /lib/i386-linux-gnu/ld-2.19.so
b77c1000-b77c2000 rw-p 00020000 08:06 394351     /lib/i386-linux-gnu/ld-2.19.so
bfcf4000-bfcf5000 rwxp 00000000 00:00 0 
bfcfc000-bfd48000 rw-p 00000000 00:00 0          [stack]

VM Arguments:
java_command: <unknown>
java_class_path (initial): .:./json-rpc-1.0.jar
Launcher Type: generic

Environment Variables:
JAVA_HOME=/usr/lib/jvm/java-8-oracle
PATH=/usr/local/sbin:/usr/local/bin:/usr/sbin:/usr/bin:/sbin:/bin:/usr/lib/jvm/java-8-oracle/bin:/usr/lib/jvm/java-8-oracle/db/bin:/usr/lib/jvm/java-8-oracle/jre/bin
USERNAME=root
LD_LIBRARY_PATH=/usr/lib/jvm/java-8-oracle/jre/lib/i386/server/
SHELL=/bin/bash
DISPLAY=:0

Signal Handlers:
SIGSEGV: [libjvm.so+0x8dc460], sa_mask[0]=11111111011111111101111111111110, sa_flags=SA_RESTART|SA_SIGINFO
SIGBUS: [libjvm.so+0x8dc460], sa_mask[0]=11111111011111111101111111111110, sa_flags=SA_RESTART|SA_SIGINFO
SIGFPE: [libjvm.so+0x759110], sa_mask[0]=11111111011111111101111111111110, sa_flags=SA_RESTART|SA_SIGINFO
SIGPIPE: [libjvm.so+0x759110], sa_mask[0]=11111111011111111101111111111110, sa_flags=SA_RESTART|SA_SIGINFO
SIGXFSZ: [libjvm.so+0x759110], sa_mask[0]=11111111011111111101111111111110, sa_flags=SA_RESTART|SA_SIGINFO
SIGILL: [libjvm.so+0x759110], sa_mask[0]=11111111011111111101111111111110, sa_flags=SA_RESTART|SA_SIGINFO
SIGUSR1: SIG_DFL, sa_mask[0]=00000000000000000000000000000000, sa_flags=none
SIGUSR2: [libjvm.so+0x75a9c0], sa_mask[0]=00000000000000000000000000000000, sa_flags=SA_RESTART|SA_SIGINFO
SIGHUP: [libjvm.so+0x75be70], sa_mask[0]=11111111011111111101111111111110, sa_flags=SA_RESTART|SA_SIGINFO
SIGINT: [libjvm.so+0x75be70], sa_mask[0]=11111111011111111101111111111110, sa_flags=SA_RESTART|SA_SIGINFO
SIGTERM: [libjvm.so+0x75be70], sa_mask[0]=11111111011111111101111111111110, sa_flags=SA_RESTART|SA_SIGINFO
SIGQUIT: [libjvm.so+0x75be70], sa_mask[0]=11111111011111111101111111111110, sa_flags=SA_RESTART|SA_SIGINFO


---------------  S Y S T E M  ---------------

OS:DISTRIB_ID=Ubuntu
DISTRIB_RELEASE=14.04
DISTRIB_CODENAME=trusty
DISTRIB_DESCRIPTION="Ubuntu 14.04.4 LTS"

uname:Linux 4.2.0-27-generic #32~14.04.1-Ubuntu SMP Fri Jan 22 15:32:27 UTC 2016 i686
libc:glibc 2.19 NPTL 2.19 
rlimit: STACK 8192k, CORE 0k, NPROC 31311, NOFILE 4096, AS infinity
load average:0.53 0.45 0.42

/proc/meminfo:
MemTotal:        4036660 kB
MemFree:          786484 kB
MemAvailable:    2321492 kB
Buffers:          216988 kB
Cached:          1599384 kB
SwapCached:            0 kB
Active:          1829272 kB
Inactive:        1235428 kB
Active(anon):    1252532 kB
Inactive(anon):   334216 kB
Active(file):     576740 kB
Inactive(file):   901212 kB
Unevictable:          32 kB
Mlocked:              32 kB
HighTotal:       3182988 kB
HighFree:         728056 kB
LowTotal:         853672 kB
LowFree:           58428 kB
SwapTotal:             0 kB
SwapFree:              0 kB
Dirty:                84 kB
Writeback:             0 kB
AnonPages:       1248568 kB
Mapped:           575504 kB
Shmem:            338328 kB
Slab:             121384 kB
SReclaimable:      82244 kB
SUnreclaim:        39140 kB
KernelStack:        5232 kB
PageTables:        14552 kB
NFS_Unstable:          0 kB
Bounce:                0 kB
WritebackTmp:          0 kB
CommitLimit:     2018328 kB
Committed_AS:    4897380 kB
VmallocTotal:     122880 kB
VmallocUsed:       48320 kB
VmallocChunk:      53732 kB
AnonHugePages:    632832 kB
CmaTotal:              0 kB
CmaFree:               0 kB
HugePages_Total:       0
HugePages_Free:        0
HugePages_Rsvd:        0
HugePages_Surp:        0
Hugepagesize:       2048 kB
DirectMap4k:       69624 kB
DirectMap2M:      843776 kB


CPU:total 4 (initial active 4) (2 cores per cpu, 2 threads per core) family 6 model 69 stepping 1, cmov, cx8, fxsr, mmx, sse, sse2, sse3, ssse3, sse4.1, sse4.2, popcnt, avx, avx2, aes, clmul, erms, lzcnt, ht, tsc, tscinvbit, bmi1, bmi2

/proc/cpuinfo:
processor	: 0
vendor_id	: GenuineIntel
cpu family	: 6
model		: 69
model name	: Intel(R) Core(TM) i3-4005U CPU @ 1.70GHz
stepping	: 1
microcode	: 0x1c
cpu MHz		: 1700.000
cache size	: 3072 KB
physical id	: 0
siblings	: 4
core id		: 0
cpu cores	: 2
apicid		: 0
initial apicid	: 0
fdiv_bug	: no
f00f_bug	: no
coma_bug	: no
fpu		: yes
fpu_exception	: yes
cpuid level	: 13
wp		: yes
flags		: fpu vme de pse tsc msr pae mce cx8 apic sep mtrr pge mca cmov pat pse36 clflush dts acpi mmx fxsr sse sse2 ss ht tm pbe nx pdpe1gb rdtscp lm constant_tsc arch_perfmon pebs bts xtopology nonstop_tsc aperfmperf eagerfpu pni pclmulqdq dtes64 monitor ds_cpl vmx est tm2 ssse3 fma cx16 xtpr pdcm pcid sse4_1 sse4_2 movbe popcnt tsc_deadline_timer aes xsave avx f16c rdrand lahf_lm abm arat epb pln pts dtherm tpr_shadow vnmi flexpriority ept vpid fsgsbase tsc_adjust bmi1 avx2 smep bmi2 erms invpcid xsaveopt
bugs		:
bogomips	: 3392.01
clflush size	: 64
cache_alignment	: 64
address sizes	: 39 bits physical, 48 bits virtual
power management:

processor	: 1
vendor_id	: GenuineIntel
cpu family	: 6
model		: 69
model name	: Intel(R) Core(TM) i3-4005U CPU @ 1.70GHz
stepping	: 1
microcode	: 0x1c
cpu MHz		: 1700.066
cache size	: 3072 KB
physical id	: 0
siblings	: 4
core id		: 1
cpu cores	: 2
apicid		: 2
initial apicid	: 2
fdiv_bug	: no
f00f_bug	: no
coma_bug	: no
fpu		: yes
fpu_exception	: yes
cpuid level	: 13
wp		: yes
flags		: fpu vme de pse tsc msr pae mce cx8 apic sep mtrr pge mca cmov pat pse36 clflush dts acpi mmx fxsr sse sse2 ss ht tm pbe nx pdpe1gb rdtscp lm constant_tsc arch_perfmon pebs bts xtopology nonstop_tsc aperfmperf eagerfpu pni pclmulqdq dtes64 monitor ds_cpl vmx est tm2 ssse3 fma cx16 xtpr pdcm pcid sse4_1 sse4_2 movbe popcnt tsc_deadline_timer aes xsave avx f16c rdrand lahf_lm abm arat epb pln pts dtherm tpr_shadow vnmi flexpriority ept vpid fsgsbase tsc_adjust bmi1 avx2 smep bmi2 erms invpcid xsaveopt
bugs		:
bogomips	: 3392.01
clflush size	: 64
cache_alignment	: 64
address sizes	: 39 bits physical, 48 bits virtual
power management:

processor	: 2
vendor_id	: GenuineIntel
cpu family	: 6
model		: 69
model name	: Intel(R) Core(TM) i3-4005U CPU @ 1.70GHz
stepping	: 1
microcode	: 0x1c
cpu MHz		: 1700.000
cache size	: 3072 KB
physical id	: 0
siblings	: 4
core id		: 0
cpu cores	: 2
apicid		: 1
initial apicid	: 1
fdiv_bug	: no
f00f_bug	: no
coma_bug	: no
fpu		: yes
fpu_exception	: yes
cpuid level	: 13
wp		: yes
flags		: fpu vme de pse tsc msr pae mce cx8 apic sep mtrr pge mca cmov pat pse36 clflush dts acpi mmx fxsr sse sse2 ss ht tm pbe nx pdpe1gb rdtscp lm constant_tsc arch_perfmon pebs bts xtopology nonstop_tsc aperfmperf eagerfpu pni pclmulqdq dtes64 monitor ds_cpl vmx est tm2 ssse3 fma cx16 xtpr pdcm pcid sse4_1 sse4_2 movbe popcnt tsc_deadline_timer aes xsave avx f16c rdrand lahf_lm abm arat epb pln pts dtherm tpr_shadow vnmi flexpriority ept vpid fsgsbase tsc_adjust bmi1 avx2 smep bmi2 erms invpcid xsaveopt
bugs		:
bogomips	: 3392.01
clflush size	: 64
cache_alignment	: 64
address sizes	: 39 bits physical, 48 bits virtual
power management:

processor	: 3
vendor_id	: GenuineIntel
cpu family	: 6
model		: 69
model name	: Intel(R) Core(TM) i3-4005U CPU @ 1.70GHz
stepping	: 1
microcode	: 0x1c
cpu MHz		: 1700.000
cache size	: 3072 KB
physical id	: 0
siblings	: 4
core id		: 1
cpu cores	: 2
apicid		: 3
initial apicid	: 3
fdiv_bug	: no
f00f_bug	: no
coma_bug	: no
fpu		: yes
fpu_exception	: yes
cpuid level	: 13
wp		: yes
flags		: fpu vme de pse tsc msr pae mce cx8 apic sep mtrr pge mca cmov pat pse36 clflush dts acpi mmx fxsr sse sse2 ss ht tm pbe nx pdpe1gb rdtscp lm constant_tsc arch_perfmon pebs bts xtopology nonstop_tsc aperfmperf eagerfpu pni pclmulqdq dtes64 monitor ds_cpl vmx est tm2 ssse3 fma cx16 xtpr pdcm pcid sse4_1 sse4_2 movbe popcnt tsc_deadline_timer aes xsave avx f16c rdrand lahf_lm abm arat epb pln pts dtherm tpr_shadow vnmi flexpriority ept vpid fsgsbase tsc_adjust bmi1 avx2 smep bmi2 erms invpcid xsaveopt
bugs		:
bogomips	: 3392.01
clflush size	: 64
cache_alignment	: 64
address sizes	: 39 bits physical, 48 bits virtual
power management:



Memory: 4k page, physical 4036660k(786484k free), swap 0k(0k free)

vm_info: Java HotSpot(TM) Server VM (25.151-b12) for linux-x86 JRE (1.8.0_151-b12), built on Sep  5 2017 19:27:23 by "java_re" with gcc 4.3.0 20080428 (Red Hat 4.3.0-8)

time: Sat Jul 13 21:42:35 2019
elapsed time: 14 seconds (0d 0h 0m 14s)

