#
# A fatal error has been detected by the Java Runtime Environment:
#
#  SIGSEGV (0xb) at pc=0xb6e4fd13, pid=3640, tid=0xb65c2700
#
# JRE version: Java(TM) SE Runtime Environment (8.0_151-b12) (build 1.8.0_151-b12)
# Java VM: Java HotSpot(TM) Server VM (25.151-b12 mixed mode linux-x86 )
# Problematic frame:
# V  [libjvm.so+0x553d13]  jni_GetStringUTFChars+0x23
#
# Failed to write core dump. Core dumps have been disabled. To enable core dumping, try "ulimit -c unlimited" before starting Java again
#
# If you would like to submit a bug report, please visit:
#   http://bugreport.java.com/bugreport/crash.jsp
#

---------------  T H R E A D  ---------------

Current thread is native thread

siginfo: si_signo: 11 (SIGSEGV), si_code: 1 (SEGV_MAPERR), si_addr: 0x00000174

Registers:
EAX=0x00000000, EBX=0xb72ddef0, ECX=0x08a5e548, EDX=0x00000000
ESP=0xbff4ce90, EBP=0xbff4cee8, ESI=0x00000000, EDI=0x00000000
EIP=0xb6e4fd13, EFLAGS=0x00010286, CR2=0x00000174

Top of Stack: (sp=0xbff4ce90)
0xbff4ce90:   00087000 0c009700 01010100 b72ddef0
0xbff4cea0:   00000000 08a55c00 bff4cee8 b6e3f7b2
0xbff4ceb0:   08a55c00 00000006 000bff4c 000bff4c
0xbff4cec0:   00000000 00000000 08a55c01 00010008
0xbff4ced0:   b724e9c0 00000000 08a55d38 08f02368
0xbff4cee0:   00000000 00000000 bff4cf08 0804dc07
0xbff4cef0:   08a55d38 08a56c7c 00000000 08a56c7c
0xbff4cf00:   08f02368 00000000 bff4cf98 0804b5ef 

Instructions: (pc=0xb6e4fd13)
0xb6e4fcf3:   57 56 53 83 ec 58 e8 00 00 00 00 5b 81 c3 f2 e1
0xb6e4fd03:   48 00 8b 7d 08 57 e8 a2 f0 00 00 89 c7 83 c4 10
0xb6e4fd13:   c7 80 74 01 00 00 05 00 00 00 8b 83 a0 dd ff ff
0xb6e4fd23:   8b 10 83 fa 01 0f 84 7a 01 00 00 8b 83 80 e8 ff 

Register to memory mapping:

EAX=0x00000000 is an unknown value
EBX=0xb72ddef0: <offset 0x9e1ef0> in /usr/lib/jvm/java-8-oracle/jre/lib/i386/server/libjvm.so at 0xb68fc000
ECX=0x08a5e548 is an unknown value
EDX=0x00000000 is an unknown value
ESP=0xbff4ce90 is an unknown value
EBP=0xbff4cee8 is an unknown value
ESI=0x00000000 is an unknown value
EDI=0x00000000 is an unknown value


Stack: [0xbfeff000,0xbff4f000],  sp=0xbff4ce90,  free space=311k
Native frames: (J=compiled Java code, j=interpreted, Vv=VM code, C=native code)
V  [libjvm.so+0x553d13]  jni_GetStringUTFChars+0x23
C  [Record+0x5c07]
C  [Record+0x35ef]
C  [Record+0x3ab9]


---------------  P R O C E S S  ---------------

VM state:at safepoint (shutting down)

VM Mutex/Monitor currently owned by a thread:  ([mutex/lock_event])
[0x08a53528] Threads_lock - owner thread: 0x08bcac00

Heap:
 PSYoungGen      total 18432K, used 7940K [0x92780000, 0x93c00000, 0xa7000000)
  eden space 15872K, 50% used [0x92780000,0x92f41338,0x93700000)
  from space 2560K, 0% used [0x93980000,0x93980000,0x93c00000)
  to   space 2560K, 0% used [0x93700000,0x93700000,0x93980000)
 ParOldGen       total 42496K, used 0K [0x69600000, 0x6bf80000, 0x92780000)
  object space 42496K, 0% used [0x69600000,0x69600000,0x6bf80000)
 Metaspace       used 8694K, capacity 8880K, committed 8984K, reserved 9520K

Card table byte_map: [0x69412000,0x69600000] byte_map_base: 0x690c7000

Marking Bits: (ParMarkBitMap*) 0xb730e5c0
 Begin Bits: [0x66e30000, 0x67d98000)
 End Bits:   [0x67d98000, 0x68d00000)

Polling page: 0xb68e5000

CodeCache: size=245760Kb used=1753Kb max_used=1753Kb free=244006Kb
 bounds [0xa7529000, 0xa7769000, 0xb6529000]
 total_blobs=944 nmethods=659 adapters=199
 compilation: enabled

Compilation events (10 events):
Event: 7.091 Thread 0x08bf1400  654       3       javax.swing.RepaintManager::addDirtyRegion (37 bytes)
Event: 7.092 Thread 0x08bf1400 nmethod 654 0xa76dd688 code [0xa76dd7c0, 0xa76dda04]
Event: 7.092 Thread 0x08bf1400  655       3       java.util.concurrent.locks.ReentrantLock$Sync::isHeldExclusively (16 bytes)
Event: 7.092 Thread 0x08bf1400 nmethod 655 0xa76ddb88 code [0xa76ddca0, 0xa76dde60]
Event: 7.231 Thread 0x08bf1400  656       3       sun.awt.X11.XPropertyEvent::get_atom (20 bytes)
Event: 7.232 Thread 0x08bf1400 nmethod 656 0xa76de148 code [0xa76de280, 0xa76de54c]
Event: 7.232 Thread 0x08bf1400  658       3       sun.awt.X11.XDropTargetEventProcessor::processEvent (18 bytes)
Event: 7.232 Thread 0x08bf1400 nmethod 658 0xa76de708 code [0xa76de820, 0xa76de94c]
Event: 7.232 Thread 0x08bf1400  659   !   3       sun.awt.X11.XDragSourceContextPeer::processEvent (34 bytes)
Event: 7.235 Thread 0x08bf1400 nmethod 659 0xa76de9c8 code [0xa76deb80, 0xa76df408]

GC Heap History (0 events):
No events

Deoptimization events (4 events):
Event: 4.754 Thread 0x08d42800 Uncommon trap: reason=class_check action=maybe_recompile pc=0xa760d610 method=java.lang.String.equals(Ljava/lang/Object;)Z @ 8
Event: 4.754 Thread 0x08d42800 Uncommon trap: reason=class_check action=maybe_recompile pc=0xa760d610 method=java.lang.String.equals(Ljava/lang/Object;)Z @ 8
Event: 6.983 Thread 0x08d42800 Uncommon trap: reason=class_check action=maybe_recompile pc=0xa760d610 method=java.lang.String.equals(Ljava/lang/Object;)Z @ 8
Event: 7.082 Thread 0x08a55c00 Uncommon trap: reason=unstable_if action=reinterpret pc=0xa76a2c20 method=Popup.getLabel()Ljava/lang/String; @ 251

Internal exceptions (10 events):
Event: 0.310 Thread 0x08a55c00 Exception <a 'java/lang/NoSuchMethodError': Method sun.misc.Unsafe.prefetchRead(Ljava/lang/Object;J)V name or signature does not match> (0x92787160) thrown at [/HUDSON/workspace/8-2-build-linux-i586/jdk8u151/9699/hotspot/src/share/vm/prims/jni.cpp, line 4
Event: 0.649 Thread 0x08a55c00 Exception <a 'java/security/PrivilegedActionException'> (0x927ed500) thrown at [/HUDSON/workspace/8-2-build-linux-i586/jdk8u151/9699/hotspot/src/share/vm/prims/jvm.cpp, line 1390]
Event: 0.649 Thread 0x08a55c00 Exception <a 'java/security/PrivilegedActionException'> (0x927ed700) thrown at [/HUDSON/workspace/8-2-build-linux-i586/jdk8u151/9699/hotspot/src/share/vm/prims/jvm.cpp, line 1390]
Event: 0.649 Thread 0x08a55c00 Exception <a 'java/security/PrivilegedActionException'> (0x927ef908) thrown at [/HUDSON/workspace/8-2-build-linux-i586/jdk8u151/9699/hotspot/src/share/vm/prims/jvm.cpp, line 1390]
Event: 0.650 Thread 0x08a55c00 Exception <a 'java/security/PrivilegedActionException'> (0x927efb08) thrown at [/HUDSON/workspace/8-2-build-linux-i586/jdk8u151/9699/hotspot/src/share/vm/prims/jvm.cpp, line 1390]
Event: 0.805 Thread 0x08a55c00 Exception <a 'java/lang/NoSuchFieldError': method resolution failed> (0x928fea40) thrown at [/HUDSON/workspace/8-2-build-linux-i586/jdk8u151/9699/hotspot/src/share/vm/prims/methodHandles.cpp, line 1146]
Event: 0.807 Thread 0x08a55c00 Exception <a 'java/lang/NoSuchFieldError': method resolution failed> (0x9290afc0) thrown at [/HUDSON/workspace/8-2-build-linux-i586/jdk8u151/9699/hotspot/src/share/vm/prims/methodHandles.cpp, line 1146]
Event: 0.883 Thread 0x08a55c00 Exception <a 'java/io/FileNotFoundException'> (0x9297d710) thrown at [/HUDSON/workspace/8-2-build-linux-i586/jdk8u151/9699/hotspot/src/share/vm/prims/jni.cpp, line 709]
Event: 0.883 Thread 0x08a55c00 Exception <a 'java/io/FileNotFoundException'> (0x9297dfe0) thrown at [/HUDSON/workspace/8-2-build-linux-i586/jdk8u151/9699/hotspot/src/share/vm/prims/jni.cpp, line 709]
Event: 2.725 Thread 0x08d42800 Exception <a 'java/lang/UnsupportedOperationException': > (0x92afb750) thrown at [/HUDSON/workspace/8-2-build-linux-i586/jdk8u151/9699/hotspot/src/share/vm/prims/jni.cpp, line 735]

Events (10 events):
Event: 8.181 Thread 0x08d41400 Thread exited: 0x08d41400
Event: 8.181 Thread 0x08d42800 Thread exited: 0x08d42800
Event: 8.181 Thread 0x08d41400 Thread added: 0x08d41400
Event: 8.181 loading class sun/awt/X11/XSystemTrayPeer
Event: 8.182 loading class java/awt/peer/SystemTrayPeer
Event: 8.182 loading class java/awt/peer/SystemTrayPeer done
Event: 8.182 loading class sun/awt/X11/XSystemTrayPeer done
Event: 8.182 Thread 0x08d41400 Thread exited: 0x08d41400
Event: 8.183 Thread 0x08a55c00 Thread exited: 0x08a55c00
Event: 8.183 Thread 0x08bec400 Thread exited: 0x08bec400


Dynamic libraries:
08048000-0805c000 r-xp 00000000 00:26 3811288    /home/administrator/KSPatternAnalysis/Record
0805c000-0805d000 r--p 00013000 00:26 3811288    /home/administrator/KSPatternAnalysis/Record
0805d000-0805e000 rw-p 00014000 00:26 3811288    /home/administrator/KSPatternAnalysis/Record
08a4c000-09164000 rw-p 00000000 00:00 0          [heap]
64d5b000-64faf000 rw-p 00000000 00:00 0 
64faf000-64fb2000 ---p 00000000 00:00 0 
64fb2000-65080000 rw-p 00000000 00:00 0          [stack:3658]
65080000-65100000 ---p 00000000 00:00 0 
65100000-6519d000 rw-p 00000000 00:00 0 
6519d000-65200000 ---p 00000000 00:00 0 
65226000-65287000 r-xp 00000000 08:06 4465614    /usr/lib/jvm/java-8-oracle/jre/lib/i386/libt2k.so
65287000-6528b000 rw-p 00060000 08:06 4465614    /usr/lib/jvm/java-8-oracle/jre/lib/i386/libt2k.so
6528b000-6528f000 rw-p 00000000 00:00 0 
6528f000-65297000 r--s 00000000 08:06 2883685    /var/cache/fontconfig/945677eb7aeaf62f1d50efc3fb3ec7d8-le32d4.cache-4
65297000-6529b000 r--s 00000000 08:06 2883656    /var/cache/fontconfig/2cd17615ca594fa2959ae173292e504c-le32d4.cache-4
6529b000-652a0000 r--s 00000000 08:06 2883658    /var/cache/fontconfig/a755afe4a08bf5b97852ceb7400b47bc-le32d4.cache-4
652a0000-652af000 r--s 00000000 08:06 2883662    /var/cache/fontconfig/04aabc0a78ac019cf9454389977116d2-le32d4.cache-4
652af000-652de000 r--s 00000000 08:06 2893478    /var/cache/fontconfig/365b55f210c0a22e9a19e35191240f32-le32d4.cache-4
65316000-65317000 rw-p 00000000 00:00 0 
65317000-6531e000 r--s 00000000 08:06 3678474    /usr/lib/i386-linux-gnu/gconv/gconv-modules.cache
6531e000-6541f000 rw-p 00000000 00:00 0 
6541f000-65424000 r--s 0009a000 08:06 3943232    /usr/lib/jvm/java-8-oracle/jre/lib/jsse.jar
65424000-65425000 r--s 00000000 08:06 2891136    /var/cache/fontconfig/c05880de57d1f5e948fdfacc138775d9-le32d4.cache-4
65425000-65426000 r--s 00000000 08:06 2883676    /var/cache/fontconfig/e7071f4a29fa870f4323321c154eba04-le32d4.cache-4
65426000-65427000 r--s 00000000 08:06 2883655    /var/cache/fontconfig/0d8c3b2ac0904cb8a57a757ad11a4a08-le32d4.cache-4
65427000-65428000 r--s 00000000 08:06 2883686    /var/cache/fontconfig/1ac9eb803944fde146138c791f5cc56a-le32d4.cache-4
65428000-6542c000 r--s 00000000 08:06 2883666    /var/cache/fontconfig/8801497958630a81b71ace7c5f9b32a8-le32d4.cache-4
6542c000-65431000 r--s 00000000 08:06 2883678    /var/cache/fontconfig/3047814df9a2f067bd2d96a2b9c36e5a-le32d4.cache-4
65431000-65441000 r--s 00000000 08:06 2891130    /var/cache/fontconfig/d52a8644073d54c13679302ca1180695-le32d4.cache-4
65441000-65541000 rw-p 00000000 00:00 0 
65541000-65544000 ---p 00000000 00:00 0 
65544000-65592000 rw-p 00000000 00:00 0 
65592000-65595000 ---p 00000000 00:00 0 
65595000-656e3000 rw-p 00000000 00:00 0 
656e3000-656f8000 r-xp 00000000 08:06 4465609    /usr/lib/jvm/java-8-oracle/jre/lib/i386/libnet.so
656f8000-656f9000 rw-p 00015000 08:06 4465609    /usr/lib/jvm/java-8-oracle/jre/lib/i386/libnet.so
656f9000-657f9000 rw-p 00000000 00:00 0 
657f9000-657fc000 ---p 00000000 00:00 0 
657fc000-6584a000 rw-p 00000000 00:00 0          [stack:3655]
6584a000-6584d000 ---p 00000000 00:00 0 
6584d000-6589b000 rw-p 00000000 00:00 0          [stack:3654]
6589b000-658fd000 r-xp 00000000 08:06 4465595    /usr/lib/jvm/java-8-oracle/jre/lib/i386/libfontmanager.so
658fd000-65900000 rw-p 00061000 08:06 4465595    /usr/lib/jvm/java-8-oracle/jre/lib/i386/libfontmanager.so
65900000-65904000 rw-p 00000000 00:00 0 
65904000-65924000 r-xp 00000000 08:06 3675327    /usr/lib/i386-linux-gnu/libxcb.so.1.1.0
65924000-65925000 r--p 0001f000 08:06 3675327    /usr/lib/i386-linux-gnu/libxcb.so.1.1.0
65925000-65926000 rw-p 00020000 08:06 3675327    /usr/lib/i386-linux-gnu/libxcb.so.1.1.0
65926000-65a56000 r-xp 00000000 08:06 3673204    /usr/lib/i386-linux-gnu/libX11.so.6.3.0
65a56000-65a57000 r--p 00130000 08:06 3673204    /usr/lib/i386-linux-gnu/libX11.so.6.3.0
65a57000-65a59000 rw-p 00131000 08:06 3673204    /usr/lib/i386-linux-gnu/libX11.so.6.3.0
65a59000-65a5a000 rw-p 00000000 00:00 0 
65a5a000-65aa6000 r-xp 00000000 08:06 4465589    /usr/lib/jvm/java-8-oracle/jre/lib/i386/libawt_xawt.so
65aa6000-65aa8000 rw-p 0004c000 08:06 4465589    /usr/lib/jvm/java-8-oracle/jre/lib/i386/libawt_xawt.so
65aa8000-65aa9000 rw-p 00000000 00:00 0 
65aa9000-65b2f000 r-xp 00000000 08:06 4465585    /usr/lib/jvm/java-8-oracle/jre/lib/i386/libawt.so
65b2f000-65b36000 rw-p 00086000 08:06 4465585    /usr/lib/jvm/java-8-oracle/jre/lib/i386/libawt.so
65b36000-65b5a000 rw-p 00000000 00:00 0 
65b5a000-65b5b000 ---p 00000000 00:00 0 
65b5b000-65bdb000 rw-p 00000000 00:00 0 
65bdb000-65bde000 ---p 00000000 00:00 0 
65bde000-65c2c000 rw-p 00000000 00:00 0          [stack:3652]
65c2c000-65c2f000 ---p 00000000 00:00 0 
65c2f000-65cad000 rw-p 00000000 00:00 0          [stack:3651]
65cad000-65cb0000 ---p 00000000 00:00 0 
65cb0000-65d2e000 rw-p 00000000 00:00 0          [stack:3650]
65d2e000-65d31000 ---p 00000000 00:00 0 
65d31000-65daf000 rw-p 00000000 00:00 0          [stack:3649]
65daf000-65db2000 ---p 00000000 00:00 0 
65db2000-65e00000 rw-p 00000000 00:00 0 
65e00000-66000000 r--p 00000000 08:06 3678418    /usr/lib/locale/locale-archive
66000000-660f6000 rw-p 00000000 00:00 0 
660f6000-66100000 ---p 00000000 00:00 0 
66100000-661d2000 rw-p 00000000 00:00 0 
661d2000-66200000 ---p 00000000 00:00 0 
66200000-662f9000 rw-p 00000000 00:00 0 
662f9000-66300000 ---p 00000000 00:00 0 
66300000-66303000 r--s 00000000 08:06 2883670    /var/cache/fontconfig/385c0604a188198f04d133e54aba7fe7-le32d4.cache-4
66303000-66307000 r--s 00000000 08:06 2883663    /var/cache/fontconfig/b47c4e1ecd0709278f4910c18777a504-le32d4.cache-4
66307000-6630e000 r--s 00000000 08:06 2883657    /var/cache/fontconfig/3f7329c5293ffd510edef78f73874cfd-le32d4.cache-4
6630e000-66311000 ---p 00000000 00:00 0 
66311000-6635f000 rw-p 00000000 00:00 0          [stack:3647]
6635f000-66362000 ---p 00000000 00:00 0 
66362000-663b0000 rw-p 00000000 00:00 0          [stack:3646]
663b0000-663b1000 ---p 00000000 00:00 0 
663b1000-66431000 rw-p 00000000 00:00 0 
66431000-6660a000 r--s 03d5a000 08:06 3943239    /usr/lib/jvm/java-8-oracle/jre/lib/rt.jar
6660a000-66a50000 rw-p 00000000 00:00 0 
66a50000-66a56000 ---p 00000000 00:00 0 
66a56000-68d00000 rw-p 00000000 00:00 0 
68d00000-68d21000 rw-p 00000000 00:00 0 
68d21000-68e00000 ---p 00000000 00:00 0 
68e00000-68e01000 r--s 00000000 08:06 2883664    /var/cache/fontconfig/dc05db6664285cc2f12bf69c139ae4c3-le32d4.cache-4
68e01000-68e03000 r--s 00000000 08:06 2883672    /var/cache/fontconfig/767a8244fc0220cfb567a839d0392e0b-le32d4.cache-4
68e03000-68e0c000 r--s 00000000 08:06 2883667    /var/cache/fontconfig/d589a48862398ed80a3d6066f4f56f4c-le32d4.cache-4
68e0c000-68e10000 r-xp 00000000 08:06 3675338    /usr/lib/i386-linux-gnu/libXfixes.so.3.1.0
68e10000-68e11000 r--p 00003000 08:06 3675338    /usr/lib/i386-linux-gnu/libXfixes.so.3.1.0
68e11000-68e12000 rw-p 00004000 08:06 3675338    /usr/lib/i386-linux-gnu/libXfixes.so.3.1.0
68e12000-68e1b000 r-xp 00000000 08:06 3675330    /usr/lib/i386-linux-gnu/libXcursor.so.1.0.2
68e1b000-68e1c000 r--p 00008000 08:06 3675330    /usr/lib/i386-linux-gnu/libXcursor.so.1.0.2
68e1c000-68e1d000 rw-p 00009000 08:06 3675330    /usr/lib/i386-linux-gnu/libXcursor.so.1.0.2
68e1d000-68e2e000 r-xp 00000000 08:06 3678157    /usr/lib/i386-linux-gnu/libXext.so.6.4.0
68e2e000-68e2f000 r--p 00010000 08:06 3678157    /usr/lib/i386-linux-gnu/libXext.so.6.4.0
68e2f000-68e30000 rw-p 00011000 08:06 3678157    /usr/lib/i386-linux-gnu/libXext.so.6.4.0
68e30000-68e7f000 rw-p 00000000 00:00 0 
68e7f000-68e80000 ---p 00000000 00:00 0 
68e80000-68f00000 rw-p 00000000 00:00 0          [stack:3644]
68f00000-68f21000 rw-p 00000000 00:00 0 
68f21000-69000000 ---p 00000000 00:00 0 
69000000-69021000 rw-p 00000000 00:00 0 
69021000-69100000 ---p 00000000 00:00 0 
69100000-69105000 r-xp 00000000 08:06 3675334    /usr/lib/i386-linux-gnu/libXdmcp.so.6.0.0
69105000-69106000 r--p 00004000 08:06 3675334    /usr/lib/i386-linux-gnu/libXdmcp.so.6.0.0
69106000-69107000 rw-p 00005000 08:06 3675334    /usr/lib/i386-linux-gnu/libXdmcp.so.6.0.0
69107000-69111000 r--s 00000000 08:06 2894058    /var/cache/fontconfig/e13b20fdb08344e0e664864cc2ede53d-le32d4.cache-4
69111000-69114000 r--s 00000000 08:06 2893477    /var/cache/fontconfig/7ef2298fde41cc6eeb7af42e48b7d293-le32d4.cache-4
69114000-69123000 r-xp 00000000 08:06 4465590    /usr/lib/jvm/java-8-oracle/jre/lib/i386/libnio.so
69123000-69124000 rw-p 0000e000 08:06 4465590    /usr/lib/jvm/java-8-oracle/jre/lib/i386/libnio.so
69124000-6917f000 rw-p 00000000 00:00 0 
6917f000-69180000 ---p 00000000 00:00 0 
69180000-69200000 rw-p 00000000 00:00 0          [stack:3643]
69200000-69223000 rw-p 00000000 00:00 0 
69223000-69300000 ---p 00000000 00:00 0 
69300000-6930e000 r-xp 00000000 08:06 3675344    /usr/lib/i386-linux-gnu/libXi.so.6.1.0
6930e000-6930f000 r--p 0000e000 08:06 3675344    /usr/lib/i386-linux-gnu/libXi.so.6.1.0
6930f000-69310000 rw-p 0000f000 08:06 3675344    /usr/lib/i386-linux-gnu/libXi.so.6.1.0
69310000-69311000 ---p 00000000 00:00 0 
69311000-69391000 rw-p 00000000 00:00 0          [stack:3642]
69391000-69392000 ---p 00000000 00:00 0 
69392000-69427000 rw-p 00000000 00:00 0          [stack:3641]
69427000-6955a000 ---p 00000000 00:00 0 
6955a000-69565000 rw-p 00000000 00:00 0 
69565000-695ff000 ---p 00000000 00:00 0 
695ff000-6bf80000 rw-p 00000000 00:00 0 
6bf80000-92780000 ---p 00000000 00:00 0 
92780000-93c00000 rw-p 00000000 00:00 0 
93c00000-a7000000 ---p 00000000 00:00 0 
a7000000-a7001000 r--s 00000000 08:06 2883660    /var/cache/fontconfig/4794a0821666d79190d59a36cb4f44b5-le32d4.cache-4
a7001000-a7006000 r-xp 00000000 08:06 3678206    /usr/lib/i386-linux-gnu/libXtst.so.6.1.0
a7006000-a7007000 r--p 00004000 08:06 3678206    /usr/lib/i386-linux-gnu/libXtst.so.6.1.0
a7007000-a7008000 rw-p 00005000 08:06 3678206    /usr/lib/i386-linux-gnu/libXtst.so.6.1.0
a7008000-a7035000 rw-p 00000000 00:00 0 
a7035000-a7169000 ---p 00000000 00:00 0 
a7169000-a7172000 rw-p 00000000 00:00 0 
a7172000-a7529000 ---p 00000000 00:00 0 
a7529000-a7769000 rwxp 00000000 00:00 0 
a7769000-b6529000 ---p 00000000 00:00 0 
b6529000-b6543000 r-xp 00000000 08:06 4465643    /usr/lib/jvm/java-8-oracle/jre/lib/i386/libzip.so
b6543000-b6544000 rw-p 00019000 08:06 4465643    /usr/lib/jvm/java-8-oracle/jre/lib/i386/libzip.so
b6544000-b654f000 r-xp 00000000 08:06 397872     /lib/i386-linux-gnu/libnss_files-2.19.so
b654f000-b6550000 r--p 0000a000 08:06 397872     /lib/i386-linux-gnu/libnss_files-2.19.so
b6550000-b6551000 rw-p 0000b000 08:06 397872     /lib/i386-linux-gnu/libnss_files-2.19.so
b6551000-b655b000 r-xp 00000000 08:06 397876     /lib/i386-linux-gnu/libnss_nis-2.19.so
b655b000-b655c000 r--p 00009000 08:06 397876     /lib/i386-linux-gnu/libnss_nis-2.19.so
b655c000-b655d000 rw-p 0000a000 08:06 397876     /lib/i386-linux-gnu/libnss_nis-2.19.so
b655d000-b6572000 r-xp 00000000 08:06 397880     /lib/i386-linux-gnu/libnsl-2.19.so
b6572000-b6573000 r--p 00015000 08:06 397880     /lib/i386-linux-gnu/libnsl-2.19.so
b6573000-b6574000 rw-p 00016000 08:06 397880     /lib/i386-linux-gnu/libnsl-2.19.so
b6574000-b6576000 rw-p 00000000 00:00 0 
b6576000-b657d000 r-xp 00000000 08:06 397879     /lib/i386-linux-gnu/libnss_compat-2.19.so
b657d000-b657e000 r--p 00006000 08:06 397879     /lib/i386-linux-gnu/libnss_compat-2.19.so
b657e000-b657f000 rw-p 00007000 08:06 397879     /lib/i386-linux-gnu/libnss_compat-2.19.so
b657f000-b6580000 r--s 00000000 08:06 2883677    /var/cache/fontconfig/56cf4f4769d0f4abc89a4895d7bd3ae1-le32d4.cache-4
b6580000-b6582000 r-xp 00000000 08:06 3676357    /usr/lib/i386-linux-gnu/libXau.so.6.0.0
b6582000-b6583000 r--p 00001000 08:06 3676357    /usr/lib/i386-linux-gnu/libXau.so.6.0.0
b6583000-b6584000 rw-p 00002000 08:06 3676357    /usr/lib/i386-linux-gnu/libXau.so.6.0.0
b6584000-b658d000 r-xp 00000000 08:06 3675358    /usr/lib/i386-linux-gnu/libXrender.so.1.3.0
b658d000-b658e000 r--p 00008000 08:06 3675358    /usr/lib/i386-linux-gnu/libXrender.so.1.3.0
b658e000-b658f000 rw-p 00009000 08:06 3675358    /usr/lib/i386-linux-gnu/libXrender.so.1.3.0
b658f000-b6594000 r--s 002f9000 08:06 3943261    /usr/lib/jvm/java-8-oracle/jre/lib/charsets.jar
b6594000-b659c000 rw-s 00000000 08:06 7745388    /tmp/hsperfdata_root/3640 (deleted)
b659c000-b65c0000 r-xp 00000000 08:06 4465638    /usr/lib/jvm/java-8-oracle/jre/lib/i386/libjava.so
b65c0000-b65c1000 rw-p 00024000 08:06 4465638    /usr/lib/jvm/java-8-oracle/jre/lib/i386/libjava.so
b65c1000-b65c4000 rw-p 00000000 00:00 0 
b65c4000-b65dc000 r-xp 00000000 08:06 397873     /lib/i386-linux-gnu/libpthread-2.19.so
b65dc000-b65dd000 r--p 00018000 08:06 397873     /lib/i386-linux-gnu/libpthread-2.19.so
b65dd000-b65de000 rw-p 00019000 08:06 397873     /lib/i386-linux-gnu/libpthread-2.19.so
b65de000-b65e0000 rw-p 00000000 00:00 0 
b65e0000-b65e3000 r-xp 00000000 08:06 397884     /lib/i386-linux-gnu/libdl-2.19.so
b65e3000-b65e4000 r--p 00002000 08:06 397884     /lib/i386-linux-gnu/libdl-2.19.so
b65e4000-b65e5000 rw-p 00003000 08:06 397884     /lib/i386-linux-gnu/libdl-2.19.so
b65e5000-b6629000 r-xp 00000000 08:06 397870     /lib/i386-linux-gnu/libm-2.19.so
b6629000-b662a000 r--p 00043000 08:06 397870     /lib/i386-linux-gnu/libm-2.19.so
b662a000-b662b000 rw-p 00044000 08:06 397870     /lib/i386-linux-gnu/libm-2.19.so
b662b000-b67d3000 r-xp 00000000 08:06 397878     /lib/i386-linux-gnu/libc-2.19.so
b67d3000-b67d5000 r--p 001a8000 08:06 397878     /lib/i386-linux-gnu/libc-2.19.so
b67d5000-b67d6000 rw-p 001aa000 08:06 397878     /lib/i386-linux-gnu/libc-2.19.so
b67d6000-b67d9000 rw-p 00000000 00:00 0 
b67d9000-b67f5000 r-xp 00000000 08:06 394369     /lib/i386-linux-gnu/libgcc_s.so.1
b67f5000-b67f6000 rw-p 0001b000 08:06 394369     /lib/i386-linux-gnu/libgcc_s.so.1
b67f6000-b67f7000 rw-p 00000000 00:00 0 
b67f7000-b68d3000 r-xp 00000000 08:06 3672768    /usr/lib/i386-linux-gnu/libstdc++.so.6.0.19
b68d3000-b68d7000 r--p 000dc000 08:06 3672768    /usr/lib/i386-linux-gnu/libstdc++.so.6.0.19
b68d7000-b68d8000 rw-p 000e0000 08:06 3672768    /usr/lib/i386-linux-gnu/libstdc++.so.6.0.19
b68d8000-b68df000 rw-p 00000000 00:00 0 
b68df000-b68e0000 r--s 00000000 08:06 2883683    /var/cache/fontconfig/b9d506c9ac06c20b433354fa67a72993-le32d4.cache-4
b68e0000-b68e1000 r--s 00000000 08:06 2891138    /var/cache/fontconfig/0c9eb80ebd1c36541ebe2852d3bb0c49-le32d4.cache-4
b68e1000-b68e3000 r--s 00011000 00:26 3817063    /home/administrator/KSPatternAnalysis/json-rpc-1.0.jar
b68e3000-b68e4000 r--p 00850000 08:06 3678418    /usr/lib/locale/locale-archive
b68e4000-b68e5000 rw-p 00000000 00:00 0 
b68e5000-b68e6000 ---p 00000000 00:00 0 
b68e6000-b68f1000 r-xp 00000000 08:06 4465586    /usr/lib/jvm/java-8-oracle/jre/lib/i386/libverify.so
b68f1000-b68f2000 rw-p 0000b000 08:06 4465586    /usr/lib/jvm/java-8-oracle/jre/lib/i386/libverify.so
b68f2000-b68f9000 r-xp 00000000 08:06 397866     /lib/i386-linux-gnu/librt-2.19.so
b68f9000-b68fa000 r--p 00006000 08:06 397866     /lib/i386-linux-gnu/librt-2.19.so
b68fa000-b68fb000 rw-p 00007000 08:06 397866     /lib/i386-linux-gnu/librt-2.19.so
b68fb000-b68fc000 rw-p 00000000 00:00 0 
b68fc000-b728d000 r-xp 00000000 08:06 4723763    /usr/lib/jvm/java-8-oracle/jre/lib/i386/server/libjvm.so
b728d000-b72fa000 rw-p 00991000 08:06 4723763    /usr/lib/jvm/java-8-oracle/jre/lib/i386/server/libjvm.so
b72fa000-b7725000 rw-p 00000000 00:00 0 
b7725000-b7727000 r--p 00000000 00:00 0          [vvar]
b7727000-b7729000 r-xp 00000000 00:00 0          [vdso]
b7729000-b7749000 r-xp 00000000 08:06 394351     /lib/i386-linux-gnu/ld-2.19.so
b7749000-b774a000 r--p 0001f000 08:06 394351     /lib/i386-linux-gnu/ld-2.19.so
b774a000-b774b000 rw-p 00020000 08:06 394351     /lib/i386-linux-gnu/ld-2.19.so
bfefb000-bfefc000 rwxp 00000000 00:00 0 
bff03000-bff4f000 rw-p 00000000 00:00 0          [stack]

VM Arguments:
java_command: <unknown>
java_class_path (initial): .:./json-rpc-1.0.jar
Launcher Type: generic

Environment Variables:
JAVA_HOME=/usr/lib/jvm/java-8-oracle
PATH=/usr/local/sbin:/usr/local/bin:/usr/sbin:/usr/bin:/sbin:/bin:/usr/lib/jvm/java-8-oracle/bin:/usr/lib/jvm/java-8-oracle/db/bin:/usr/lib/jvm/java-8-oracle/jre/bin
USERNAME=root
LD_LIBRARY_PATH=/usr/lib/jvm/java-8-oracle/jre/lib/i386/server/
SHELL=/bin/bash
DISPLAY=:0

Signal Handlers:
SIGSEGV: [libjvm.so+0x8dc460], sa_mask[0]=11111111011111111101111111111110, sa_flags=SA_RESTART|SA_SIGINFO
SIGBUS: [libjvm.so+0x8dc460], sa_mask[0]=11111111011111111101111111111110, sa_flags=SA_RESTART|SA_SIGINFO
SIGFPE: [libjvm.so+0x759110], sa_mask[0]=11111111011111111101111111111110, sa_flags=SA_RESTART|SA_SIGINFO
SIGPIPE: [libjvm.so+0x759110], sa_mask[0]=11111111011111111101111111111110, sa_flags=SA_RESTART|SA_SIGINFO
SIGXFSZ: [libjvm.so+0x759110], sa_mask[0]=11111111011111111101111111111110, sa_flags=SA_RESTART|SA_SIGINFO
SIGILL: [libjvm.so+0x759110], sa_mask[0]=11111111011111111101111111111110, sa_flags=SA_RESTART|SA_SIGINFO
SIGUSR1: SIG_DFL, sa_mask[0]=00000000000000000000000000000000, sa_flags=none
SIGUSR2: [libjvm.so+0x75a9c0], sa_mask[0]=00000000000000000000000000000000, sa_flags=SA_RESTART|SA_SIGINFO
SIGHUP: [libjvm.so+0x75be70], sa_mask[0]=11111111011111111101111111111110, sa_flags=SA_RESTART|SA_SIGINFO
SIGINT: [libjvm.so+0x75be70], sa_mask[0]=11111111011111111101111111111110, sa_flags=SA_RESTART|SA_SIGINFO
SIGTERM: [libjvm.so+0x75be70], sa_mask[0]=11111111011111111101111111111110, sa_flags=SA_RESTART|SA_SIGINFO
SIGQUIT: [libjvm.so+0x75be70], sa_mask[0]=11111111011111111101111111111110, sa_flags=SA_RESTART|SA_SIGINFO


---------------  S Y S T E M  ---------------

OS:DISTRIB_ID=Ubuntu
DISTRIB_RELEASE=14.04
DISTRIB_CODENAME=trusty
DISTRIB_DESCRIPTION="Ubuntu 14.04.4 LTS"

uname:Linux 4.2.0-27-generic #32~14.04.1-Ubuntu SMP Fri Jan 22 15:32:27 UTC 2016 i686
libc:glibc 2.19 NPTL 2.19 
rlimit: STACK 8192k, CORE 0k, NPROC 31311, NOFILE 4096, AS infinity
load average:0.41 0.37 0.38

/proc/meminfo:
MemTotal:        4036660 kB
MemFree:         2256468 kB
MemAvailable:    3165396 kB
Buffers:          115592 kB
Cached:           955300 kB
SwapCached:            0 kB
Active:           879868 kB
Inactive:         784512 kB
Active(anon):     596232 kB
Inactive(anon):   167532 kB
Active(file):     283636 kB
Inactive(file):   616980 kB
Unevictable:          32 kB
Mlocked:              32 kB
HighTotal:       3182988 kB
HighFree:        1852668 kB
LowTotal:         853672 kB
LowFree:          403800 kB
SwapTotal:             0 kB
SwapFree:              0 kB
Dirty:               204 kB
Writeback:             0 kB
AnonPages:        593580 kB
Mapped:           355924 kB
Shmem:            170252 kB
Slab:              61592 kB
SReclaimable:      33500 kB
SUnreclaim:        28092 kB
KernelStack:        3504 kB
PageTables:         9352 kB
NFS_Unstable:          0 kB
Bounce:                0 kB
WritebackTmp:          0 kB
CommitLimit:     2018328 kB
Committed_AS:    3301560 kB
VmallocTotal:     122880 kB
VmallocUsed:       47452 kB
VmallocChunk:      67176 kB
AnonHugePages:    339968 kB
CmaTotal:              0 kB
CmaFree:               0 kB
HugePages_Total:       0
HugePages_Free:        0
HugePages_Rsvd:        0
HugePages_Surp:        0
Hugepagesize:       2048 kB
DirectMap4k:       63480 kB
DirectMap2M:      849920 kB


CPU:total 4 (initial active 4) (2 cores per cpu, 2 threads per core) family 6 model 69 stepping 1, cmov, cx8, fxsr, mmx, sse, sse2, sse3, ssse3, sse4.1, sse4.2, popcnt, avx, avx2, aes, clmul, erms, lzcnt, ht, tsc, tscinvbit, bmi1, bmi2

/proc/cpuinfo:
processor	: 0
vendor_id	: GenuineIntel
cpu family	: 6
model		: 69
model name	: Intel(R) Core(TM) i3-4005U CPU @ 1.70GHz
stepping	: 1
microcode	: 0x1c
cpu MHz		: 1700.000
cache size	: 3072 KB
physical id	: 0
siblings	: 4
core id		: 0
cpu cores	: 2
apicid		: 0
initial apicid	: 0
fdiv_bug	: no
f00f_bug	: no
coma_bug	: no
fpu		: yes
fpu_exception	: yes
cpuid level	: 13
wp		: yes
flags		: fpu vme de pse tsc msr pae mce cx8 apic sep mtrr pge mca cmov pat pse36 clflush dts acpi mmx fxsr sse sse2 ss ht tm pbe nx pdpe1gb rdtscp lm constant_tsc arch_perfmon pebs bts xtopology nonstop_tsc aperfmperf eagerfpu pni pclmulqdq dtes64 monitor ds_cpl vmx est tm2 ssse3 fma cx16 xtpr pdcm pcid sse4_1 sse4_2 movbe popcnt tsc_deadline_timer aes xsave avx f16c rdrand lahf_lm abm ida arat epb pln pts dtherm tpr_shadow vnmi flexpriority ept vpid fsgsbase tsc_adjust bmi1 avx2 smep bmi2 erms invpcid xsaveopt
bugs		:
bogomips	: 3392.30
clflush size	: 64
cache_alignment	: 64
address sizes	: 39 bits physical, 48 bits virtual
power management:

processor	: 1
vendor_id	: GenuineIntel
cpu family	: 6
model		: 69
model name	: Intel(R) Core(TM) i3-4005U CPU @ 1.70GHz
stepping	: 1
microcode	: 0x1c
cpu MHz		: 1699.933
cache size	: 3072 KB
physical id	: 0
siblings	: 4
core id		: 1
cpu cores	: 2
apicid		: 2
initial apicid	: 2
fdiv_bug	: no
f00f_bug	: no
coma_bug	: no
fpu		: yes
fpu_exception	: yes
cpuid level	: 13
wp		: yes
flags		: fpu vme de pse tsc msr pae mce cx8 apic sep mtrr pge mca cmov pat pse36 clflush dts acpi mmx fxsr sse sse2 ss ht tm pbe nx pdpe1gb rdtscp lm constant_tsc arch_perfmon pebs bts xtopology nonstop_tsc aperfmperf eagerfpu pni pclmulqdq dtes64 monitor ds_cpl vmx est tm2 ssse3 fma cx16 xtpr pdcm pcid sse4_1 sse4_2 movbe popcnt tsc_deadline_timer aes xsave avx f16c rdrand lahf_lm abm ida arat epb pln pts dtherm tpr_shadow vnmi flexpriority ept vpid fsgsbase tsc_adjust bmi1 avx2 smep bmi2 erms invpcid xsaveopt
bugs		:
bogomips	: 3392.30
clflush size	: 64
cache_alignment	: 64
address sizes	: 39 bits physical, 48 bits virtual
power management:

processor	: 2
vendor_id	: GenuineIntel
cpu family	: 6
model		: 69
model name	: Intel(R) Core(TM) i3-4005U CPU @ 1.70GHz
stepping	: 1
microcode	: 0x1c
cpu MHz		: 1700.000
cache size	: 3072 KB
physical id	: 0
siblings	: 4
core id		: 0
cpu cores	: 2
apicid		: 1
initial apicid	: 1
fdiv_bug	: no
f00f_bug	: no
coma_bug	: no
fpu		: yes
fpu_exception	: yes
cpuid level	: 13
wp		: yes
flags		: fpu vme de pse tsc msr pae mce cx8 apic sep mtrr pge mca cmov pat pse36 clflush dts acpi mmx fxsr sse sse2 ss ht tm pbe nx pdpe1gb rdtscp lm constant_tsc arch_perfmon pebs bts xtopology nonstop_tsc aperfmperf eagerfpu pni pclmulqdq dtes64 monitor ds_cpl vmx est tm2 ssse3 fma cx16 xtpr pdcm pcid sse4_1 sse4_2 movbe popcnt tsc_deadline_timer aes xsave avx f16c rdrand lahf_lm abm ida arat epb pln pts dtherm tpr_shadow vnmi flexpriority ept vpid fsgsbase tsc_adjust bmi1 avx2 smep bmi2 erms invpcid xsaveopt
bugs		:
bogomips	: 3392.30
clflush size	: 64
cache_alignment	: 64
address sizes	: 39 bits physical, 48 bits virtual
power management:

processor	: 3
vendor_id	: GenuineIntel
cpu family	: 6
model		: 69
model name	: Intel(R) Core(TM) i3-4005U CPU @ 1.70GHz
stepping	: 1
microcode	: 0x1c
cpu MHz		: 1699.933
cache size	: 3072 KB
physical id	: 0
siblings	: 4
core id		: 1
cpu cores	: 2
apicid		: 3
initial apicid	: 3
fdiv_bug	: no
f00f_bug	: no
coma_bug	: no
fpu		: yes
fpu_exception	: yes
cpuid level	: 13
wp		: yes
flags		: fpu vme de pse tsc msr pae mce cx8 apic sep mtrr pge mca cmov pat pse36 clflush dts acpi mmx fxsr sse sse2 ss ht tm pbe nx pdpe1gb rdtscp lm constant_tsc arch_perfmon pebs bts xtopology nonstop_tsc aperfmperf eagerfpu pni pclmulqdq dtes64 monitor ds_cpl vmx est tm2 ssse3 fma cx16 xtpr pdcm pcid sse4_1 sse4_2 movbe popcnt tsc_deadline_timer aes xsave avx f16c rdrand lahf_lm abm ida arat epb pln pts dtherm tpr_shadow vnmi flexpriority ept vpid fsgsbase tsc_adjust bmi1 avx2 smep bmi2 erms invpcid xsaveopt
bugs		:
bogomips	: 3392.30
clflush size	: 64
cache_alignment	: 64
address sizes	: 39 bits physical, 48 bits virtual
power management:



Memory: 4k page, physical 4036660k(2256468k free), swap 0k(0k free)

vm_info: Java HotSpot(TM) Server VM (25.151-b12) for linux-x86 JRE (1.8.0_151-b12), built on Sep  5 2017 19:27:23 by "java_re" with gcc 4.3.0 20080428 (Red Hat 4.3.0-8)

time: Tue Jul  9 21:51:44 2019
elapsed time: 8 seconds (0d 0h 0m 8s)

